


ARM Macro Assembler    Page 1 


    1 00000000         ;******************** (C) COPYRIGHT 2012 STMicroelectron
                       ics ********************
    2 00000000         ;* File Name          : startup_stm32f0xx.s
    3 00000000         ;* Author             : MCD Application Team
    4 00000000         ;* Version            : V1.0.1
    5 00000000         ;* Date               : 20-April-2012
    6 00000000         ;* Description        : STM32F0xx Devices vector table f
                       or MDK-ARM toolchain.
    7 00000000         ;*                      This module performs:
    8 00000000         ;*                      - Set the initial SP
    9 00000000         ;*                      - Set the initial PC == Reset_Ha
                       ndler
   10 00000000         ;*                      - Set the vector table entries w
                       ith the exceptions ISR address
   11 00000000         ;*                      - Branches to __main in the C li
                       brary (which eventually
   12 00000000         ;*                        calls main()).
   13 00000000         ;*                      After Reset the CortexM0 process
                       or is in Thread mode,
   14 00000000         ;*                      priority is Privileged, and the 
                       Stack is set to Main.
   15 00000000         ;* <<< Use Configuration Wizard in Context Menu >>>   
   16 00000000         ;*******************************************************
                       ************************
   17 00000000         ;  @attention
   18 00000000         ; 
   19 00000000         ;  Licensed under MCD-ST Liberty SW License Agreement V2
                       , (the "License");
   20 00000000         ;  You may not use this file except in compliance with t
                       he License.
   21 00000000         ;  You may obtain a copy of the License at:
   22 00000000         ; 
   23 00000000         ;         http://www.st.com/software_license_agreement_l
                       iberty_v2
   24 00000000         ; 
   25 00000000         ;  Unless required by applicable law or agreed to in wri
                       ting, software 
   26 00000000         ;  distributed under the License is distributed on an "A
                       S IS" BASIS, 
   27 00000000         ;  WITHOUT WARRANTIES OR CONDITIONS OF ANY KIND, either 
                       express or implied.
   28 00000000         ;  See the License for the specific language governing p
                       ermissions and
   29 00000000         ;  limitations under the License.
   30 00000000         ; 
   31 00000000         ;*******************************************************
                       ************************
   32 00000000         ;
   33 00000000         ; Amount of memory (in bytes) allocated for Stack
   34 00000000         ; Tailor this value to your application needs
   35 00000000         ; <h> Stack Configuration
   36 00000000         ;   <o> Stack Size (in Bytes) <0x0-0xFFFFFFFF:8>
   37 00000000         ; </h>
   38 00000000         
   39 00000000 00000400 
                       Stack_Size
                               EQU              0x00000400
   40 00000000         
   41 00000000                 AREA             STACK, NOINIT, READWRITE, ALIGN



ARM Macro Assembler    Page 2 


=3
   42 00000000         Stack_Mem
                               SPACE            Stack_Size
   43 00000400         __initial_sp
   44 00000400         
   45 00000400         
   46 00000400         ; <h> Heap Configuration
   47 00000400         ;   <o>  Heap Size (in Bytes) <0x0-0xFFFFFFFF:8>
   48 00000400         ; </h>
   49 00000400         
   50 00000400 00000200 
                       Heap_Size
                               EQU              0x00000200
   51 00000400         
   52 00000400                 AREA             HEAP, NOINIT, READWRITE, ALIGN=
3
   53 00000000         __heap_base
   54 00000000         Heap_Mem
                               SPACE            Heap_Size
   55 00000200         __heap_limit
   56 00000200         
   57 00000200                 PRESERVE8
   58 00000200                 THUMB
   59 00000200         
   60 00000200         
   61 00000200         ; Vector Table Mapped to Address 0 at Reset
   62 00000200                 AREA             RESET, DATA, READONLY
   63 00000000                 EXPORT           __Vectors
   64 00000000                 EXPORT           __Vectors_End
   65 00000000                 EXPORT           __Vectors_Size
   66 00000000         
   67 00000000 00000000 
                       __Vectors
                               DCD              __initial_sp ; Top of Stack
   68 00000004 00000000        DCD              Reset_Handler ; Reset Handler
   69 00000008 00000000        DCD              NMI_Handler ; NMI Handler
   70 0000000C 00000000        DCD              HardFault_Handler ; Hard Fault 
                                                            Handler
   71 00000010 00000000        DCD              0           ; Reserved
   72 00000014 00000000        DCD              0           ; Reserved
   73 00000018 00000000        DCD              0           ; Reserved
   74 0000001C 00000000        DCD              0           ; Reserved
   75 00000020 00000000        DCD              0           ; Reserved
   76 00000024 00000000        DCD              0           ; Reserved
   77 00000028 00000000        DCD              0           ; Reserved
   78 0000002C 00000000        DCD              SVC_Handler ; SVCall Handler
   79 00000030 00000000        DCD              0           ; Reserved
   80 00000034 00000000        DCD              0           ; Reserved
   81 00000038 00000000        DCD              PendSV_Handler ; PendSV Handler
                                                            
   82 0000003C 00000000        DCD              SysTick_Handler 
                                                            ; SysTick Handler
   83 00000040         
   84 00000040         ; External Interrupts
   85 00000040 00000000        DCD              WWDG_IRQHandler 
                                                            ; Window Watchdog
   86 00000044 00000000        DCD              PVD_IRQHandler ; PVD through EX
                                                            TI Line detect
   87 00000048 00000000        DCD              RTC_IRQHandler ; RTC through EX



ARM Macro Assembler    Page 3 


                                                            TI Line
   88 0000004C 00000000        DCD              FLASH_IRQHandler ; FLASH
   89 00000050 00000000        DCD              RCC_IRQHandler ; RCC
   90 00000054 00000000        DCD              EXTI0_1_IRQHandler 
                                                            ; EXTI Line 0 and 1
                                                            
   91 00000058 00000000        DCD              EXTI2_3_IRQHandler 
                                                            ; EXTI Line 2 and 3
                                                            
   92 0000005C 00000000        DCD              EXTI4_15_IRQHandler 
                                                            ; EXTI Line 4 to 15
                                                            
   93 00000060 00000000        DCD              TS_IRQHandler ; TS
   94 00000064 00000000        DCD              DMA1_Channel1_IRQHandler 
                                                            ; DMA1 Channel 1
   95 00000068 00000000        DCD              DMA1_Channel2_3_IRQHandler ; DM
                                                            A1 Channel 2 and Ch
                                                            annel 3
   96 0000006C 00000000        DCD              DMA1_Channel4_5_IRQHandler ; DM
                                                            A1 Channel 4 and Ch
                                                            annel 5
   97 00000070 00000000        DCD              ADC1_COMP_IRQHandler ; ADC1, CO
                                                            MP1 and COMP2 
   98 00000074 00000000        DCD              TIM1_BRK_UP_TRG_COM_IRQHandler 
                                                            ; TIM1 Break, Updat
                                                            e, Trigger and Comm
                                                            utation
   99 00000078 00000000        DCD              TIM1_CC_IRQHandler ; TIM1 Captu
                                                            re Compare
  100 0000007C 00000000        DCD              TIM2_IRQHandler ; TIM2
  101 00000080 00000000        DCD              TIM3_IRQHandler ; TIM3
  102 00000084 00000000        DCD              TIM6_DAC_IRQHandler 
                                                            ; TIM6 and DAC
  103 00000088 00000000        DCD              0           ; Reserved
  104 0000008C 00000000        DCD              TIM14_IRQHandler ; TIM14
  105 00000090 00000000        DCD              TIM15_IRQHandler ; TIM15
  106 00000094 00000000        DCD              TIM16_IRQHandler ; TIM16
  107 00000098 00000000        DCD              TIM17_IRQHandler ; TIM17
  108 0000009C 00000000        DCD              I2C1_IRQHandler ; I2C1
  109 000000A0 00000000        DCD              I2C2_IRQHandler ; I2C2
  110 000000A4 00000000        DCD              SPI1_IRQHandler ; SPI1
  111 000000A8 00000000        DCD              SPI2_IRQHandler ; SPI2
  112 000000AC 00000000        DCD              USART1_IRQHandler ; USART1
  113 000000B0 00000000        DCD              USART2_IRQHandler ; USART2
  114 000000B4 00000000        DCD              0           ; Reserved
  115 000000B8 00000000        DCD              CEC_IRQHandler ; CEC
  116 000000BC 00000000        DCD              0           ; Reserved
  117 000000C0         
  118 000000C0         __Vectors_End
  119 000000C0         
  120 000000C0 000000C0 
                       __Vectors_Size
                               EQU              __Vectors_End - __Vectors
  121 000000C0         
  122 000000C0                 AREA             |.text|, CODE, READONLY
  123 00000000         
  124 00000000         ; Reset handler routine
  125 00000000         Reset_Handler
                               PROC



ARM Macro Assembler    Page 4 


  126 00000000                 EXPORT           Reset_Handler                 [
WEAK]
  127 00000000                 IMPORT           __main
  128 00000000                 IMPORT           SystemInit
  129 00000000 4807            LDR              R0, =SystemInit
  130 00000002 4780            BLX              R0
  131 00000004 4807            LDR              R0, =__main
  132 00000006 4700            BX               R0
  133 00000008                 ENDP
  134 00000008         
  135 00000008         ; Dummy Exception Handlers (infinite loops which can be 
                       modified)
  136 00000008         
  137 00000008         NMI_Handler
                               PROC
  138 00000008                 EXPORT           NMI_Handler                    
[WEAK]
  139 00000008 E7FE            B                .
  140 0000000A                 ENDP
  142 0000000A         HardFault_Handler
                               PROC
  143 0000000A                 EXPORT           HardFault_Handler              
[WEAK]
  144 0000000A E7FE            B                .
  145 0000000C                 ENDP
  146 0000000C         SVC_Handler
                               PROC
  147 0000000C                 EXPORT           SVC_Handler                    
[WEAK]
  148 0000000C E7FE            B                .
  149 0000000E                 ENDP
  150 0000000E         PendSV_Handler
                               PROC
  151 0000000E                 EXPORT           PendSV_Handler                 
[WEAK]
  152 0000000E E7FE            B                .
  153 00000010                 ENDP
  154 00000010         SysTick_Handler
                               PROC
  155 00000010                 EXPORT           SysTick_Handler                
[WEAK]
  156 00000010 E7FE            B                .
  157 00000012                 ENDP
  158 00000012         
  159 00000012         Default_Handler
                               PROC
  160 00000012         
  161 00000012                 EXPORT           WWDG_IRQHandler                
[WEAK]
  162 00000012                 EXPORT           PVD_IRQHandler                 
[WEAK]
  163 00000012                 EXPORT           RTC_IRQHandler                 
[WEAK]
  164 00000012                 EXPORT           FLASH_IRQHandler               
[WEAK]
  165 00000012                 EXPORT           RCC_IRQHandler                 
[WEAK]
  166 00000012                 EXPORT           EXTI0_1_IRQHandler             
[WEAK]



ARM Macro Assembler    Page 5 


  167 00000012                 EXPORT           EXTI2_3_IRQHandler             
[WEAK]
  168 00000012                 EXPORT           EXTI4_15_IRQHandler            
[WEAK]
  169 00000012                 EXPORT           TS_IRQHandler                  
[WEAK]
  170 00000012                 EXPORT           DMA1_Channel1_IRQHandler       
[WEAK]
  171 00000012                 EXPORT           DMA1_Channel2_3_IRQHandler     
[WEAK]
  172 00000012                 EXPORT           DMA1_Channel4_5_IRQHandler     
[WEAK]
  173 00000012                 EXPORT           ADC1_COMP_IRQHandler           
[WEAK]
  174 00000012                 EXPORT           TIM1_BRK_UP_TRG_COM_IRQHandler 
[WEAK]
  175 00000012                 EXPORT           TIM1_CC_IRQHandler             
[WEAK]
  176 00000012                 EXPORT           TIM2_IRQHandler                
[WEAK]
  177 00000012                 EXPORT           TIM3_IRQHandler                
[WEAK]
  178 00000012                 EXPORT           TIM6_DAC_IRQHandler            
[WEAK]
  179 00000012                 EXPORT           TIM14_IRQHandler               
[WEAK]
  180 00000012                 EXPORT           TIM15_IRQHandler               
[WEAK]
  181 00000012                 EXPORT           TIM16_IRQHandler               
[WEAK]
  182 00000012                 EXPORT           TIM17_IRQHandler               
[WEAK]
  183 00000012                 EXPORT           I2C1_IRQHandler                
[WEAK]
  184 00000012                 EXPORT           I2C2_IRQHandler                
[WEAK]
  185 00000012                 EXPORT           SPI1_IRQHandler                
[WEAK]
  186 00000012                 EXPORT           SPI2_IRQHandler                
[WEAK]
  187 00000012                 EXPORT           USART1_IRQHandler              
[WEAK]
  188 00000012                 EXPORT           USART2_IRQHandler              
[WEAK]
  189 00000012                 EXPORT           CEC_IRQHandler                 
[WEAK]
  190 00000012         
  191 00000012         
  192 00000012         WWDG_IRQHandler
  193 00000012         PVD_IRQHandler
  194 00000012         RTC_IRQHandler
  195 00000012         FLASH_IRQHandler
  196 00000012         RCC_IRQHandler
  197 00000012         EXTI0_1_IRQHandler
  198 00000012         EXTI2_3_IRQHandler
  199 00000012         EXTI4_15_IRQHandler
  200 00000012         TS_IRQHandler
  201 00000012         DMA1_Channel1_IRQHandler
  202 00000012         DMA1_Channel2_3_IRQHandler



ARM Macro Assembler    Page 6 


  203 00000012         DMA1_Channel4_5_IRQHandler
  204 00000012         ADC1_COMP_IRQHandler
  205 00000012         TIM1_BRK_UP_TRG_COM_IRQHandler
  206 00000012         TIM1_CC_IRQHandler
  207 00000012         TIM2_IRQHandler
  208 00000012         TIM3_IRQHandler
  209 00000012         TIM6_DAC_IRQHandler
  210 00000012         TIM14_IRQHandler
  211 00000012         TIM15_IRQHandler
  212 00000012         TIM16_IRQHandler
  213 00000012         TIM17_IRQHandler
  214 00000012         I2C1_IRQHandler
  215 00000012         I2C2_IRQHandler
  216 00000012         SPI1_IRQHandler
  217 00000012         SPI2_IRQHandler
  218 00000012         USART1_IRQHandler
  219 00000012         USART2_IRQHandler
  220 00000012         CEC_IRQHandler
  221 00000012         
  222 00000012 E7FE            B                .
  223 00000014         
  224 00000014                 ENDP
  225 00000014         
  226 00000014                 ALIGN
  227 00000014         
  228 00000014         ;*******************************************************
                       ************************
  229 00000014         ; User Stack and Heap initialization
  230 00000014         ;*******************************************************
                       ************************
  231 00000014                 IF               :DEF:__MICROLIB
  238 00000014         
  239 00000014                 IMPORT           __use_two_region_memory
  240 00000014                 EXPORT           __user_initial_stackheap
  241 00000014         
  242 00000014         __user_initial_stackheap
  243 00000014         
  244 00000014 4804            LDR              R0, =  Heap_Mem
  245 00000016 4905            LDR              R1, =(Stack_Mem + Stack_Size)
  246 00000018 4A05            LDR              R2, = (Heap_Mem +  Heap_Size)
  247 0000001A 4B06            LDR              R3, = Stack_Mem
  248 0000001C 4770            BX               LR
  249 0000001E         
  250 0000001E 00 00           ALIGN
  251 00000020         
  252 00000020                 ENDIF
  253 00000020         
  254 00000020                 END
              00000000 
              00000000 
              00000000 
              00000400 
              00000200 
              00000000 
Command Line: --debug --xref --diag_suppress=9931 --cpu=Cortex-M0 --apcs=interw
ork --depend=..\obj\startup_stm32f0xx.d -o..\obj\startup_stm32f0xx.o -I.\RTE\_P
roject -ID:\Keil_v5\ARM\PACK\ARM\CMSIS\5.3.0\CMSIS\Include -ID:\Keil_v5\ARM\PAC
K\Keil\STM32F0xx_DFP\1.0.1\Device\Include --predefine="__UVISION_VERSION SETA 5
25" --predefine="_RTE_ SETA 1" --predefine="STM32F030 SETA 1" --list=..\list\st



ARM Macro Assembler    Page 7 


artup_stm32f0xx.lst CMSIS\Device\ST\STM32F0xx\Source\Templates\arm\startup_stm3
2f0xx.s



ARM Macro Assembler    Page 1 Alphabetic symbol ordering
Relocatable symbols

STACK 00000000

Symbol: STACK
   Definitions
      At line 41 in file CMSIS\Device\ST\STM32F0xx\Source\Templates\arm\startup
_stm32f0xx.s
   Uses
      None
Comment: STACK unused
Stack_Mem 00000000

Symbol: Stack_Mem
   Definitions
      At line 42 in file CMSIS\Device\ST\STM32F0xx\Source\Templates\arm\startup
_stm32f0xx.s
   Uses
      At line 245 in file CMSIS\Device\ST\STM32F0xx\Source\Templates\arm\startu
p_stm32f0xx.s
      At line 247 in file CMSIS\Device\ST\STM32F0xx\Source\Templates\arm\startu
p_stm32f0xx.s

__initial_sp 00000400

Symbol: __initial_sp
   Definitions
      At line 43 in file CMSIS\Device\ST\STM32F0xx\Source\Templates\arm\startup
_stm32f0xx.s
   Uses
      At line 67 in file CMSIS\Device\ST\STM32F0xx\Source\Templates\arm\startup
_stm32f0xx.s
Comment: __initial_sp used once
3 symbols



ARM Macro Assembler    Page 1 Alphabetic symbol ordering
Relocatable symbols

HEAP 00000000

Symbol: HEAP
   Definitions
      At line 52 in file CMSIS\Device\ST\STM32F0xx\Source\Templates\arm\startup
_stm32f0xx.s
   Uses
      None
Comment: HEAP unused
Heap_Mem 00000000

Symbol: Heap_Mem
   Definitions
      At line 54 in file CMSIS\Device\ST\STM32F0xx\Source\Templates\arm\startup
_stm32f0xx.s
   Uses
      At line 244 in file CMSIS\Device\ST\STM32F0xx\Source\Templates\arm\startu
p_stm32f0xx.s
      At line 246 in file CMSIS\Device\ST\STM32F0xx\Source\Templates\arm\startu
p_stm32f0xx.s

__heap_base 00000000

Symbol: __heap_base
   Definitions
      At line 53 in file CMSIS\Device\ST\STM32F0xx\Source\Templates\arm\startup
_stm32f0xx.s
   Uses
      None
Comment: __heap_base unused
__heap_limit 00000200

Symbol: __heap_limit
   Definitions
      At line 55 in file CMSIS\Device\ST\STM32F0xx\Source\Templates\arm\startup
_stm32f0xx.s
   Uses
      None
Comment: __heap_limit unused
4 symbols



ARM Macro Assembler    Page 1 Alphabetic symbol ordering
Relocatable symbols

RESET 00000000

Symbol: RESET
   Definitions
      At line 62 in file CMSIS\Device\ST\STM32F0xx\Source\Templates\arm\startup
_stm32f0xx.s
   Uses
      None
Comment: RESET unused
__Vectors 00000000

Symbol: __Vectors
   Definitions
      At line 67 in file CMSIS\Device\ST\STM32F0xx\Source\Templates\arm\startup
_stm32f0xx.s
   Uses
      At line 63 in file CMSIS\Device\ST\STM32F0xx\Source\Templates\arm\startup
_stm32f0xx.s
      At line 120 in file CMSIS\Device\ST\STM32F0xx\Source\Templates\arm\startu
p_stm32f0xx.s

__Vectors_End 000000C0

Symbol: __Vectors_End
   Definitions
      At line 118 in file CMSIS\Device\ST\STM32F0xx\Source\Templates\arm\startu
p_stm32f0xx.s
   Uses
      At line 64 in file CMSIS\Device\ST\STM32F0xx\Source\Templates\arm\startup
_stm32f0xx.s
      At line 120 in file CMSIS\Device\ST\STM32F0xx\Source\Templates\arm\startu
p_stm32f0xx.s

3 symbols



ARM Macro Assembler    Page 1 Alphabetic symbol ordering
Relocatable symbols

.text 00000000

Symbol: .text
   Definitions
      At line 122 in file CMSIS\Device\ST\STM32F0xx\Source\Templates\arm\startu
p_stm32f0xx.s
   Uses
      None
Comment: .text unused
ADC1_COMP_IRQHandler 00000012

Symbol: ADC1_COMP_IRQHandler
   Definitions
      At line 204 in file CMSIS\Device\ST\STM32F0xx\Source\Templates\arm\startu
p_stm32f0xx.s
   Uses
      At line 97 in file CMSIS\Device\ST\STM32F0xx\Source\Templates\arm\startup
_stm32f0xx.s
      At line 173 in file CMSIS\Device\ST\STM32F0xx\Source\Templates\arm\startu
p_stm32f0xx.s

CEC_IRQHandler 00000012

Symbol: CEC_IRQHandler
   Definitions
      At line 220 in file CMSIS\Device\ST\STM32F0xx\Source\Templates\arm\startu
p_stm32f0xx.s
   Uses
      At line 115 in file CMSIS\Device\ST\STM32F0xx\Source\Templates\arm\startu
p_stm32f0xx.s
      At line 189 in file CMSIS\Device\ST\STM32F0xx\Source\Templates\arm\startu
p_stm32f0xx.s

DMA1_Channel1_IRQHandler 00000012

Symbol: DMA1_Channel1_IRQHandler
   Definitions
      At line 201 in file CMSIS\Device\ST\STM32F0xx\Source\Templates\arm\startu
p_stm32f0xx.s
   Uses
      At line 94 in file CMSIS\Device\ST\STM32F0xx\Source\Templates\arm\startup
_stm32f0xx.s
      At line 170 in file CMSIS\Device\ST\STM32F0xx\Source\Templates\arm\startu
p_stm32f0xx.s

DMA1_Channel2_3_IRQHandler 00000012

Symbol: DMA1_Channel2_3_IRQHandler
   Definitions
      At line 202 in file CMSIS\Device\ST\STM32F0xx\Source\Templates\arm\startu
p_stm32f0xx.s
   Uses
      At line 95 in file CMSIS\Device\ST\STM32F0xx\Source\Templates\arm\startup
_stm32f0xx.s
      At line 171 in file CMSIS\Device\ST\STM32F0xx\Source\Templates\arm\startu
p_stm32f0xx.s

DMA1_Channel4_5_IRQHandler 00000012




ARM Macro Assembler    Page 2 Alphabetic symbol ordering
Relocatable symbols

Symbol: DMA1_Channel4_5_IRQHandler
   Definitions
      At line 203 in file CMSIS\Device\ST\STM32F0xx\Source\Templates\arm\startu
p_stm32f0xx.s
   Uses
      At line 96 in file CMSIS\Device\ST\STM32F0xx\Source\Templates\arm\startup
_stm32f0xx.s
      At line 172 in file CMSIS\Device\ST\STM32F0xx\Source\Templates\arm\startu
p_stm32f0xx.s

Default_Handler 00000012

Symbol: Default_Handler
   Definitions
      At line 159 in file CMSIS\Device\ST\STM32F0xx\Source\Templates\arm\startu
p_stm32f0xx.s
   Uses
      None
Comment: Default_Handler unused
EXTI0_1_IRQHandler 00000012

Symbol: EXTI0_1_IRQHandler
   Definitions
      At line 197 in file CMSIS\Device\ST\STM32F0xx\Source\Templates\arm\startu
p_stm32f0xx.s
   Uses
      At line 90 in file CMSIS\Device\ST\STM32F0xx\Source\Templates\arm\startup
_stm32f0xx.s
      At line 166 in file CMSIS\Device\ST\STM32F0xx\Source\Templates\arm\startu
p_stm32f0xx.s

EXTI2_3_IRQHandler 00000012

Symbol: EXTI2_3_IRQHandler
   Definitions
      At line 198 in file CMSIS\Device\ST\STM32F0xx\Source\Templates\arm\startu
p_stm32f0xx.s
   Uses
      At line 91 in file CMSIS\Device\ST\STM32F0xx\Source\Templates\arm\startup
_stm32f0xx.s
      At line 167 in file CMSIS\Device\ST\STM32F0xx\Source\Templates\arm\startu
p_stm32f0xx.s

EXTI4_15_IRQHandler 00000012

Symbol: EXTI4_15_IRQHandler
   Definitions
      At line 199 in file CMSIS\Device\ST\STM32F0xx\Source\Templates\arm\startu
p_stm32f0xx.s
   Uses
      At line 92 in file CMSIS\Device\ST\STM32F0xx\Source\Templates\arm\startup
_stm32f0xx.s
      At line 168 in file CMSIS\Device\ST\STM32F0xx\Source\Templates\arm\startu
p_stm32f0xx.s

FLASH_IRQHandler 00000012

Symbol: FLASH_IRQHandler
   Definitions



ARM Macro Assembler    Page 3 Alphabetic symbol ordering
Relocatable symbols

      At line 195 in file CMSIS\Device\ST\STM32F0xx\Source\Templates\arm\startu
p_stm32f0xx.s
   Uses
      At line 88 in file CMSIS\Device\ST\STM32F0xx\Source\Templates\arm\startup
_stm32f0xx.s
      At line 164 in file CMSIS\Device\ST\STM32F0xx\Source\Templates\arm\startu
p_stm32f0xx.s

HardFault_Handler 0000000A

Symbol: HardFault_Handler
   Definitions
      At line 142 in file CMSIS\Device\ST\STM32F0xx\Source\Templates\arm\startu
p_stm32f0xx.s
   Uses
      At line 70 in file CMSIS\Device\ST\STM32F0xx\Source\Templates\arm\startup
_stm32f0xx.s
      At line 143 in file CMSIS\Device\ST\STM32F0xx\Source\Templates\arm\startu
p_stm32f0xx.s

I2C1_IRQHandler 00000012

Symbol: I2C1_IRQHandler
   Definitions
      At line 214 in file CMSIS\Device\ST\STM32F0xx\Source\Templates\arm\startu
p_stm32f0xx.s
   Uses
      At line 108 in file CMSIS\Device\ST\STM32F0xx\Source\Templates\arm\startu
p_stm32f0xx.s
      At line 183 in file CMSIS\Device\ST\STM32F0xx\Source\Templates\arm\startu
p_stm32f0xx.s

I2C2_IRQHandler 00000012

Symbol: I2C2_IRQHandler
   Definitions
      At line 215 in file CMSIS\Device\ST\STM32F0xx\Source\Templates\arm\startu
p_stm32f0xx.s
   Uses
      At line 109 in file CMSIS\Device\ST\STM32F0xx\Source\Templates\arm\startu
p_stm32f0xx.s
      At line 184 in file CMSIS\Device\ST\STM32F0xx\Source\Templates\arm\startu
p_stm32f0xx.s

NMI_Handler 00000008

Symbol: NMI_Handler
   Definitions
      At line 137 in file CMSIS\Device\ST\STM32F0xx\Source\Templates\arm\startu
p_stm32f0xx.s
   Uses
      At line 69 in file CMSIS\Device\ST\STM32F0xx\Source\Templates\arm\startup
_stm32f0xx.s
      At line 138 in file CMSIS\Device\ST\STM32F0xx\Source\Templates\arm\startu
p_stm32f0xx.s

PVD_IRQHandler 00000012

Symbol: PVD_IRQHandler



ARM Macro Assembler    Page 4 Alphabetic symbol ordering
Relocatable symbols

   Definitions
      At line 193 in file CMSIS\Device\ST\STM32F0xx\Source\Templates\arm\startu
p_stm32f0xx.s
   Uses
      At line 86 in file CMSIS\Device\ST\STM32F0xx\Source\Templates\arm\startup
_stm32f0xx.s
      At line 162 in file CMSIS\Device\ST\STM32F0xx\Source\Templates\arm\startu
p_stm32f0xx.s

PendSV_Handler 0000000E

Symbol: PendSV_Handler
   Definitions
      At line 150 in file CMSIS\Device\ST\STM32F0xx\Source\Templates\arm\startu
p_stm32f0xx.s
   Uses
      At line 81 in file CMSIS\Device\ST\STM32F0xx\Source\Templates\arm\startup
_stm32f0xx.s
      At line 151 in file CMSIS\Device\ST\STM32F0xx\Source\Templates\arm\startu
p_stm32f0xx.s

RCC_IRQHandler 00000012

Symbol: RCC_IRQHandler
   Definitions
      At line 196 in file CMSIS\Device\ST\STM32F0xx\Source\Templates\arm\startu
p_stm32f0xx.s
   Uses
      At line 89 in file CMSIS\Device\ST\STM32F0xx\Source\Templates\arm\startup
_stm32f0xx.s
      At line 165 in file CMSIS\Device\ST\STM32F0xx\Source\Templates\arm\startu
p_stm32f0xx.s

RTC_IRQHandler 00000012

Symbol: RTC_IRQHandler
   Definitions
      At line 194 in file CMSIS\Device\ST\STM32F0xx\Source\Templates\arm\startu
p_stm32f0xx.s
   Uses
      At line 87 in file CMSIS\Device\ST\STM32F0xx\Source\Templates\arm\startup
_stm32f0xx.s
      At line 163 in file CMSIS\Device\ST\STM32F0xx\Source\Templates\arm\startu
p_stm32f0xx.s

Reset_Handler 00000000

Symbol: Reset_Handler
   Definitions
      At line 125 in file CMSIS\Device\ST\STM32F0xx\Source\Templates\arm\startu
p_stm32f0xx.s
   Uses
      At line 68 in file CMSIS\Device\ST\STM32F0xx\Source\Templates\arm\startup
_stm32f0xx.s
      At line 126 in file CMSIS\Device\ST\STM32F0xx\Source\Templates\arm\startu
p_stm32f0xx.s

SPI1_IRQHandler 00000012




ARM Macro Assembler    Page 5 Alphabetic symbol ordering
Relocatable symbols

Symbol: SPI1_IRQHandler
   Definitions
      At line 216 in file CMSIS\Device\ST\STM32F0xx\Source\Templates\arm\startu
p_stm32f0xx.s
   Uses
      At line 110 in file CMSIS\Device\ST\STM32F0xx\Source\Templates\arm\startu
p_stm32f0xx.s
      At line 185 in file CMSIS\Device\ST\STM32F0xx\Source\Templates\arm\startu
p_stm32f0xx.s

SPI2_IRQHandler 00000012

Symbol: SPI2_IRQHandler
   Definitions
      At line 217 in file CMSIS\Device\ST\STM32F0xx\Source\Templates\arm\startu
p_stm32f0xx.s
   Uses
      At line 111 in file CMSIS\Device\ST\STM32F0xx\Source\Templates\arm\startu
p_stm32f0xx.s
      At line 186 in file CMSIS\Device\ST\STM32F0xx\Source\Templates\arm\startu
p_stm32f0xx.s

SVC_Handler 0000000C

Symbol: SVC_Handler
   Definitions
      At line 146 in file CMSIS\Device\ST\STM32F0xx\Source\Templates\arm\startu
p_stm32f0xx.s
   Uses
      At line 78 in file CMSIS\Device\ST\STM32F0xx\Source\Templates\arm\startup
_stm32f0xx.s
      At line 147 in file CMSIS\Device\ST\STM32F0xx\Source\Templates\arm\startu
p_stm32f0xx.s

SysTick_Handler 00000010

Symbol: SysTick_Handler
   Definitions
      At line 154 in file CMSIS\Device\ST\STM32F0xx\Source\Templates\arm\startu
p_stm32f0xx.s
   Uses
      At line 82 in file CMSIS\Device\ST\STM32F0xx\Source\Templates\arm\startup
_stm32f0xx.s
      At line 155 in file CMSIS\Device\ST\STM32F0xx\Source\Templates\arm\startu
p_stm32f0xx.s

TIM14_IRQHandler 00000012

Symbol: TIM14_IRQHandler
   Definitions
      At line 210 in file CMSIS\Device\ST\STM32F0xx\Source\Templates\arm\startu
p_stm32f0xx.s
   Uses
      At line 104 in file CMSIS\Device\ST\STM32F0xx\Source\Templates\arm\startu
p_stm32f0xx.s
      At line 179 in file CMSIS\Device\ST\STM32F0xx\Source\Templates\arm\startu
p_stm32f0xx.s

TIM15_IRQHandler 00000012



ARM Macro Assembler    Page 6 Alphabetic symbol ordering
Relocatable symbols


Symbol: TIM15_IRQHandler
   Definitions
      At line 211 in file CMSIS\Device\ST\STM32F0xx\Source\Templates\arm\startu
p_stm32f0xx.s
   Uses
      At line 105 in file CMSIS\Device\ST\STM32F0xx\Source\Templates\arm\startu
p_stm32f0xx.s
      At line 180 in file CMSIS\Device\ST\STM32F0xx\Source\Templates\arm\startu
p_stm32f0xx.s

TIM16_IRQHandler 00000012

Symbol: TIM16_IRQHandler
   Definitions
      At line 212 in file CMSIS\Device\ST\STM32F0xx\Source\Templates\arm\startu
p_stm32f0xx.s
   Uses
      At line 106 in file CMSIS\Device\ST\STM32F0xx\Source\Templates\arm\startu
p_stm32f0xx.s
      At line 181 in file CMSIS\Device\ST\STM32F0xx\Source\Templates\arm\startu
p_stm32f0xx.s

TIM17_IRQHandler 00000012

Symbol: TIM17_IRQHandler
   Definitions
      At line 213 in file CMSIS\Device\ST\STM32F0xx\Source\Templates\arm\startu
p_stm32f0xx.s
   Uses
      At line 107 in file CMSIS\Device\ST\STM32F0xx\Source\Templates\arm\startu
p_stm32f0xx.s
      At line 182 in file CMSIS\Device\ST\STM32F0xx\Source\Templates\arm\startu
p_stm32f0xx.s

TIM1_BRK_UP_TRG_COM_IRQHandler 00000012

Symbol: TIM1_BRK_UP_TRG_COM_IRQHandler
   Definitions
      At line 205 in file CMSIS\Device\ST\STM32F0xx\Source\Templates\arm\startu
p_stm32f0xx.s
   Uses
      At line 98 in file CMSIS\Device\ST\STM32F0xx\Source\Templates\arm\startup
_stm32f0xx.s
      At line 174 in file CMSIS\Device\ST\STM32F0xx\Source\Templates\arm\startu
p_stm32f0xx.s

TIM1_CC_IRQHandler 00000012

Symbol: TIM1_CC_IRQHandler
   Definitions
      At line 206 in file CMSIS\Device\ST\STM32F0xx\Source\Templates\arm\startu
p_stm32f0xx.s
   Uses
      At line 99 in file CMSIS\Device\ST\STM32F0xx\Source\Templates\arm\startup
_stm32f0xx.s
      At line 175 in file CMSIS\Device\ST\STM32F0xx\Source\Templates\arm\startu
p_stm32f0xx.s




ARM Macro Assembler    Page 7 Alphabetic symbol ordering
Relocatable symbols

TIM2_IRQHandler 00000012

Symbol: TIM2_IRQHandler
   Definitions
      At line 207 in file CMSIS\Device\ST\STM32F0xx\Source\Templates\arm\startu
p_stm32f0xx.s
   Uses
      At line 100 in file CMSIS\Device\ST\STM32F0xx\Source\Templates\arm\startu
p_stm32f0xx.s
      At line 176 in file CMSIS\Device\ST\STM32F0xx\Source\Templates\arm\startu
p_stm32f0xx.s

TIM3_IRQHandler 00000012

Symbol: TIM3_IRQHandler
   Definitions
      At line 208 in file CMSIS\Device\ST\STM32F0xx\Source\Templates\arm\startu
p_stm32f0xx.s
   Uses
      At line 101 in file CMSIS\Device\ST\STM32F0xx\Source\Templates\arm\startu
p_stm32f0xx.s
      At line 177 in file CMSIS\Device\ST\STM32F0xx\Source\Templates\arm\startu
p_stm32f0xx.s

TIM6_DAC_IRQHandler 00000012

Symbol: TIM6_DAC_IRQHandler
   Definitions
      At line 209 in file CMSIS\Device\ST\STM32F0xx\Source\Templates\arm\startu
p_stm32f0xx.s
   Uses
      At line 102 in file CMSIS\Device\ST\STM32F0xx\Source\Templates\arm\startu
p_stm32f0xx.s
      At line 178 in file CMSIS\Device\ST\STM32F0xx\Source\Templates\arm\startu
p_stm32f0xx.s

TS_IRQHandler 00000012

Symbol: TS_IRQHandler
   Definitions
      At line 200 in file CMSIS\Device\ST\STM32F0xx\Source\Templates\arm\startu
p_stm32f0xx.s
   Uses
      At line 93 in file CMSIS\Device\ST\STM32F0xx\Source\Templates\arm\startup
_stm32f0xx.s
      At line 169 in file CMSIS\Device\ST\STM32F0xx\Source\Templates\arm\startu
p_stm32f0xx.s

USART1_IRQHandler 00000012

Symbol: USART1_IRQHandler
   Definitions
      At line 218 in file CMSIS\Device\ST\STM32F0xx\Source\Templates\arm\startu
p_stm32f0xx.s
   Uses
      At line 112 in file CMSIS\Device\ST\STM32F0xx\Source\Templates\arm\startu
p_stm32f0xx.s
      At line 187 in file CMSIS\Device\ST\STM32F0xx\Source\Templates\arm\startu
p_stm32f0xx.s



ARM Macro Assembler    Page 8 Alphabetic symbol ordering
Relocatable symbols


USART2_IRQHandler 00000012

Symbol: USART2_IRQHandler
   Definitions
      At line 219 in file CMSIS\Device\ST\STM32F0xx\Source\Templates\arm\startu
p_stm32f0xx.s
   Uses
      At line 113 in file CMSIS\Device\ST\STM32F0xx\Source\Templates\arm\startu
p_stm32f0xx.s
      At line 188 in file CMSIS\Device\ST\STM32F0xx\Source\Templates\arm\startu
p_stm32f0xx.s

WWDG_IRQHandler 00000012

Symbol: WWDG_IRQHandler
   Definitions
      At line 192 in file CMSIS\Device\ST\STM32F0xx\Source\Templates\arm\startu
p_stm32f0xx.s
   Uses
      At line 85 in file CMSIS\Device\ST\STM32F0xx\Source\Templates\arm\startup
_stm32f0xx.s
      At line 161 in file CMSIS\Device\ST\STM32F0xx\Source\Templates\arm\startu
p_stm32f0xx.s

__user_initial_stackheap 00000014

Symbol: __user_initial_stackheap
   Definitions
      At line 242 in file CMSIS\Device\ST\STM32F0xx\Source\Templates\arm\startu
p_stm32f0xx.s
   Uses
      At line 240 in file CMSIS\Device\ST\STM32F0xx\Source\Templates\arm\startu
p_stm32f0xx.s
Comment: __user_initial_stackheap used once
38 symbols



ARM Macro Assembler    Page 1 Alphabetic symbol ordering
Absolute symbols

Heap_Size 00000200

Symbol: Heap_Size
   Definitions
      At line 50 in file CMSIS\Device\ST\STM32F0xx\Source\Templates\arm\startup
_stm32f0xx.s
   Uses
      At line 54 in file CMSIS\Device\ST\STM32F0xx\Source\Templates\arm\startup
_stm32f0xx.s
      At line 246 in file CMSIS\Device\ST\STM32F0xx\Source\Templates\arm\startu
p_stm32f0xx.s

Stack_Size 00000400

Symbol: Stack_Size
   Definitions
      At line 39 in file CMSIS\Device\ST\STM32F0xx\Source\Templates\arm\startup
_stm32f0xx.s
   Uses
      At line 42 in file CMSIS\Device\ST\STM32F0xx\Source\Templates\arm\startup
_stm32f0xx.s
      At line 245 in file CMSIS\Device\ST\STM32F0xx\Source\Templates\arm\startu
p_stm32f0xx.s

__Vectors_Size 000000C0

Symbol: __Vectors_Size
   Definitions
      At line 120 in file CMSIS\Device\ST\STM32F0xx\Source\Templates\arm\startu
p_stm32f0xx.s
   Uses
      At line 65 in file CMSIS\Device\ST\STM32F0xx\Source\Templates\arm\startup
_stm32f0xx.s
Comment: __Vectors_Size used once
3 symbols



ARM Macro Assembler    Page 1 Alphabetic symbol ordering
External symbols

SystemInit 00000000

Symbol: SystemInit
   Definitions
      At line 128 in file CMSIS\Device\ST\STM32F0xx\Source\Templates\arm\startu
p_stm32f0xx.s
   Uses
      At line 129 in file CMSIS\Device\ST\STM32F0xx\Source\Templates\arm\startu
p_stm32f0xx.s
Comment: SystemInit used once
__main 00000000

Symbol: __main
   Definitions
      At line 127 in file CMSIS\Device\ST\STM32F0xx\Source\Templates\arm\startu
p_stm32f0xx.s
   Uses
      At line 131 in file CMSIS\Device\ST\STM32F0xx\Source\Templates\arm\startu
p_stm32f0xx.s
Comment: __main used once
__use_two_region_memory 00000000

Symbol: __use_two_region_memory
   Definitions
      At line 239 in file CMSIS\Device\ST\STM32F0xx\Source\Templates\arm\startu
p_stm32f0xx.s
   Uses
      None
Comment: __use_two_region_memory unused
3 symbols
391 symbols in table
